acpi
alacritty
asp
bat
blueman
bluez
bluez-plugins
bluez-tools
bluez-utils
brightnessctl
cliphist
cpio
cups
discord
doctest
dolphin
dosfstools
exfatprogs
f2fs-tools
ffmpeg-compat-57
ffmpegthumbs
firefox
flatery-icon-theme-git
fwupd
galaxybudsclient-bin
gimp
git-lfs
gnome-bluetooth-3.0
gnome-calculator
gnome-keyring
gnome-themes-extra
gparted
grim
grub-customizer
gtklock
gtklock-playerctl-module
gtklock-powerbar-module
gtklock-userinfo-module
hplip
hyprpaper-git
iio-sensor-proxy-git
jdk-temurin
kde-cli-tools
kdegraphics-thumbnailers
kimageformats
kio-admin
kvantum
libinput-gestures-git
libreoffice-fresh
light
lostfiles
nano
neofetch
neovim-git
network-manager-applet
nextcloud-client
nilfs-utils
nm-connection-editor
nwg-look-bin
otf-font-awesome
pavucontrol
photoqt
pkgfile
pokemon-colorscripts-git
polkit-kde-agent
progress
python-evdev
python-libevdev
python-pyclip
python-pyqt5
python-pyqt5-3d
python-pyqt5-chart
python-pyqt5-datavisualization
python-pyqt5-networkauth
python-pyqt5-purchasing
python-pyqt5-webengine
python-pyqt6
python-pyqt6-3d
python-pyqt6-charts
python-pyqt6-datavisualization
python-pyqt6-networkauth
python-pyqt6-webengine
python-uinput
qt5-charts
qt5-imageformats
qt5ct
reiserfsprogs
ripgrep
rofi-lbonn-wayland-only-git
rustup
sddm-git
seahorse
slurp
spicetify-cli-git
spicetify-themes-git
spotify-snapstore
spotifywm-git
squeekboard-git
swappy-git
swayidle
swaync-git
swayosd-git
tablet-mode
tlp
ttf-font-awesome
ttf-go-nerd
ttf-jetbrains-mono
ttf-jetbrains-mono-nerd
ttf-meslo-nerd-font-powerlevel10k
ttf-ms-win11-auto
ttf-nerd-fonts-symbols
ttf-nerd-fonts-symbols-common
ttf-space-mono-nerd
ttf-ubuntu-font-family
ttf-ubuntu-nerd
tutanota-desktop-bin
waybar-hyprland-git
waydroid-git
wev
wine-staging
winetricks
wl-clip-persist-git
wl-color-picker
xclip
xdg-desktop-portal-hyprland-git
xdg-utils
xorg-xwayland
zathura-pdf-mupdf
zenity
